<?xml version="1.0" encoding="UTF-8"?>
<testsuite xmlns:xsi="http://www.w3.org/2001/XMLSchema-instance" xsi:noNamespaceSchemaLocation="https://maven.apache.org/surefire/maven-surefire-plugin/xsd/surefire-test-report.xsd" name="US113 Test Case 13:  Verify Product quantity in Cart" time="12.118" tests="1" errors="0" skipped="0" failures="0">
  <properties>
[...]
</properties>
  <testcase name="TC13 Test Case 13:  Verify Product quantity in Cart" classname="US113 Test Case 13:  Verify Product quantity in Cart" time="12.118"/>
</testsuite>